<?xml version="1.0" encoding="UTF-8"?>
<!-- Generated by org.testng.reporters.JUnitXMLReporter -->
<testsuite ignored="0" hostname="DESKTOP-A4U9TD3" failures="3" tests="3" name="Test" time="262.1" errors="0" timestamp="09 Jun 2020 06:14:49 GMT">
  <testcase classname="Practice.AppiumFramework.Ecommerce_tc_4" name="totalvalidation" time="142.494">
    <failure type="java.lang.ClassCastException" message="class $java.util.ArrayList$$EnhancerByCGLIB$$b5855c01 cannot be cast to class org.openqa.selenium.WebElement ($java.util.ArrayList$$EnhancerByCGLIB$$b5855c01 and org.openqa.selenium.WebElement are in unnamed module of loader &amp;apos;app&amp;apos;)">
      <![CDATA[java.lang.ClassCastException: class $java.util.ArrayList$$EnhancerByCGLIB$$b5855c01 cannot be cast to class org.openqa.selenium.WebElement ($java.util.ArrayList$$EnhancerByCGLIB$$b5855c01 and org.openqa.selenium.WebElement are in unnamed module of loader 'app')
at Practice.AppiumFramework.Ecommerce_tc_4.totalvalidation(Ecommerce_tc_4.java:92)
... Removed 29 stack frames]]>
    </failure>
  </testcase> <!-- totalvalidation -->
  <testcase classname="Practice.AppiumFramework.ApiDemoTest" name="apiDemo" time="82.09">
    <failure type="java.lang.NullPointerException">
      <![CDATA[java.lang.NullPointerException
at Practice.AppiumFramework.ApiDemoTest.apiDemo(ApiDemoTest.java:45)
... Removed 29 stack frames]]>
    </failure>
  </testcase> <!-- apiDemo -->
  <testcase classname="Practice.AppiumFramework.ApiDemoTest" name="apiDemo" time="34.155">
    <failure type="java.lang.NullPointerException">
      <![CDATA[java.lang.NullPointerException
at Practice.AppiumFramework.ApiDemoTest.apiDemo(ApiDemoTest.java:45)
... Removed 29 stack frames]]>
    </failure>
  </testcase> <!-- apiDemo -->
</testsuite> <!-- Test -->
