<?xml version="1.0" encoding="UTF-8"?>
<!-- Generated by org.testng.reporters.JUnitXMLReporter -->
<testsuite ignored="0" hostname="DESKTOP-A4U9TD3" failures="2" tests="2" name="Test(failed)" time="66.994" errors="0" timestamp="2020-06-05T15:46:12 IST">
  <testcase classname="Practice.AppiumFramework.ApiDemoTest" name="apiDemo" time="27.925">
    <failure type="java.lang.NullPointerException">
      <![CDATA[java.lang.NullPointerException
at Practice.AppiumFramework.ApiDemoTest.apiDemo(ApiDemoTest.java:45)
at java.base/java.util.ArrayList.forEach(ArrayList.java:1510)
... Removed 27 stack frames]]>
    </failure>
  </testcase> <!-- apiDemo -->
  <testcase classname="Practice.AppiumFramework.Ecommerce_tc_4" name="totalvalidation" time="38.975">
    <failure type="java.lang.ClassCastException" message="class $java.util.ArrayList$$EnhancerByCGLIB$$7e9b0493 cannot be cast to class org.openqa.selenium.WebElement ($java.util.ArrayList$$EnhancerByCGLIB$$7e9b0493 and org.openqa.selenium.WebElement are in unnamed module of loader &amp;apos;app&amp;apos;)">
      <![CDATA[java.lang.ClassCastException: class $java.util.ArrayList$$EnhancerByCGLIB$$7e9b0493 cannot be cast to class org.openqa.selenium.WebElement ($java.util.ArrayList$$EnhancerByCGLIB$$7e9b0493 and org.openqa.selenium.WebElement are in unnamed module of loader 'app')
at Practice.AppiumFramework.Ecommerce_tc_4.totalvalidation(Ecommerce_tc_4.java:92)
at java.base/java.util.ArrayList.forEach(ArrayList.java:1510)
... Removed 27 stack frames]]>
    </failure>
  </testcase> <!-- totalvalidation -->
</testsuite> <!-- Test(failed) -->
