<?xml version="1.0" encoding="UTF-8"?>
<testsuite xmlns:xsi="http://www.w3.org/2001/XMLSchema-instance" xsi:noNamespaceSchemaLocation="https://maven.apache.org/surefire/maven-surefire-plugin/xsd/surefire-test-report-3.0.xsd" version="3.0" name="TestSuite" time="282.85" tests="3" errors="0" skipped="0" failures="3">
  <properties>
[...]
</properties>
  <testcase name="totalvalidation" classname="Practice.AppiumFramework.Ecommerce_tc_4" time="142.704">
    <failure message="class $java.util.ArrayList$$EnhancerByCGLIB$$b5855c01 cannot be cast to class org.openqa.selenium.WebElement ($java.util.ArrayList$$EnhancerByCGLIB$$b5855c01 and org.openqa.selenium.WebElement are in unnamed module of loader &apos;app&apos;)" type="java.lang.ClassCastException">java.lang.ClassCastException: class $java.util.ArrayList$$EnhancerByCGLIB$$b5855c01 cannot be cast to class org.openqa.selenium.WebElement ($java.util.ArrayList$$EnhancerByCGLIB$$b5855c01 and org.openqa.selenium.WebElement are in unnamed module of loader 'app')
	at Practice.AppiumFramework.Ecommerce_tc_4.totalvalidation(Ecommerce_tc_4.java:92)
</failure>
    <system-out><![CDATA[[TestNGContentHandler] [WARN] It is strongly recommended to add "<!DOCTYPE suite SYSTEM "http://testng.org/testng-1.0.dtd" >" at the top of your file, otherwise TestNG may fail or not work as expected.
Trying to find the Name
Trying to select the country
280.97sum of products
]]></system-out>
    <system-err><![CDATA[Jun 09, 2020 11:42:29 AM io.appium.java_client.remote.AppiumCommandExecutor$1 lambda$0
INFO: Detected dialect: W3C
]]></system-err>
  </testcase>
  <testcase name="apiDemo" classname="Practice.AppiumFramework.ApiDemoTest" time="82.091">
    <failure type="java.lang.NullPointerException">java.lang.NullPointerException
	at Practice.AppiumFramework.ApiDemoTest.apiDemo(ApiDemoTest.java:45)
</failure>
    <system-err><![CDATA[Jun 09, 2020 11:44:05 AM io.appium.java_client.remote.AppiumCommandExecutor$1 lambda$0
INFO: Detected dialect: W3C
]]></system-err>
  </testcase>
  <testcase name="apiDemo" classname="Practice.AppiumFramework.ApiDemoTest" time="34.155">
    <failure type="java.lang.NullPointerException">java.lang.NullPointerException
	at Practice.AppiumFramework.ApiDemoTest.apiDemo(ApiDemoTest.java:45)
</failure>
    <system-err><![CDATA[Jun 09, 2020 11:44:41 AM io.appium.java_client.remote.AppiumCommandExecutor$1 lambda$0
INFO: Detected dialect: W3C
]]></system-err>
  </testcase>
</testsuite>